{"/Users/jp/Desktop/projects/url_shortener/server/src/app.js": {"path":"/Users/jp/Desktop/projects/url_shortener/server/src/app.js","statementMap":{"0":{"start":{"line":2,"column":15},"end":{"line":2,"column":32}},"1":{"start":{"line":3,"column":16},"end":{"line":3,"column":34}},"2":{"start":{"line":4,"column":17},"end":{"line":4,"column":36}},"3":{"start":{"line":5,"column":16},"end":{"line":5,"column":42}},"4":{"start":{"line":8,"column":13},"end":{"line":8,"column":28}},"5":{"start":{"line":9,"column":18},"end":{"line":9,"column":39}},"6":{"start":{"line":11,"column":15},"end":{"line":11,"column":32}},"7":{"start":{"line":13,"column":21},"end":{"line":13,"column":45}},"8":{"start":{"line":15,"column":0},"end":{"line":15,"column":35}},"9":{"start":{"line":17,"column":12},"end":{"line":17,"column":21}},"10":{"start":{"line":21,"column":0},"end":{"line":21,"column":18}},"11":{"start":{"line":22,"column":0},"end":{"line":22,"column":24}},"12":{"start":{"line":23,"column":0},"end":{"line":27,"column":2}},"13":{"start":{"line":30,"column":0},"end":{"line":41,"column":2}},"14":{"start":{"line":43,"column":0},"end":{"line":48,"column":2}},"15":{"start":{"line":51,"column":0},"end":{"line":51,"column":24}},"16":{"start":{"line":54,"column":0},"end":{"line":54,"column":38}},"17":{"start":{"line":55,"column":0},"end":{"line":55,"column":31}},"18":{"start":{"line":56,"column":0},"end":{"line":56,"column":28}},"19":{"start":{"line":59,"column":0},"end":{"line":59,"column":34}},"20":{"start":{"line":62,"column":0},"end":{"line":62,"column":49}},"21":{"start":{"line":75,"column":0},"end":{"line":75,"column":21}}},"fnMap":{},"branchMap":{},"s":{"0":4,"1":4,"2":4,"3":4,"4":4,"5":4,"6":4,"7":4,"8":4,"9":4,"10":4,"11":4,"12":4,"13":4,"14":4,"15":4,"16":4,"17":4,"18":4,"19":4,"20":4,"21":4},"f":{},"b":{},"_coverageSchema":"1a1c01bbd47fc00a2c39e90264f33305004495a9","hash":"8413415ce1ce1225c85193db673b2b39cbe331f8"}
,"/Users/jp/Desktop/projects/url_shortener/server/src/response.js": {"path":"/Users/jp/Desktop/projects/url_shortener/server/src/response.js","statementMap":{"0":{"start":{"line":1,"column":0},"end":{"line":5,"column":2}},"1":{"start":{"line":2,"column":4},"end":{"line":4,"column":6}},"2":{"start":{"line":7,"column":0},"end":{"line":14,"column":2}},"3":{"start":{"line":8,"column":4},"end":{"line":13,"column":6}}},"fnMap":{"0":{"name":"(anonymous_0)","decl":{"start":{"line":1,"column":39},"end":{"line":1,"column":40}},"loc":{"start":{"line":1,"column":55},"end":{"line":5,"column":1}},"line":1},"1":{"name":"(anonymous_1)","decl":{"start":{"line":7,"column":37},"end":{"line":7,"column":38}},"loc":{"start":{"line":7,"column":68},"end":{"line":14,"column":1}},"line":7}},"branchMap":{},"s":{"0":5,"1":19,"2":5,"3":7},"f":{"0":19,"1":7},"b":{},"_coverageSchema":"1a1c01bbd47fc00a2c39e90264f33305004495a9","hash":"59ab6bd97d7294da50c0ae2158060863d882760d"}
,"/Users/jp/Desktop/projects/url_shortener/server/src/helpers/hash.js": {"path":"/Users/jp/Desktop/projects/url_shortener/server/src/helpers/hash.js","statementMap":{"0":{"start":{"line":18,"column":15},"end":{"line":18,"column":32}},"1":{"start":{"line":24,"column":0},"end":{"line":24,"column":84}},"2":{"start":{"line":24,"column":28},"end":{"line":24,"column":83}}},"fnMap":{"0":{"name":"(anonymous_0)","decl":{"start":{"line":24,"column":17},"end":{"line":24,"column":18}},"loc":{"start":{"line":24,"column":28},"end":{"line":24,"column":83}},"line":24}},"branchMap":{},"s":{"0":4,"1":4,"2":0},"f":{"0":0},"b":{},"_coverageSchema":"1a1c01bbd47fc00a2c39e90264f33305004495a9","hash":"87575e37bc26fdf9ac16218da8ede91518068f6b"}
,"/Users/jp/Desktop/projects/url_shortener/server/src/helpers/location.js": {"path":"/Users/jp/Desktop/projects/url_shortener/server/src/helpers/location.js","statementMap":{"0":{"start":{"line":1,"column":15},"end":{"line":1,"column":53}},"1":{"start":{"line":2,"column":13},"end":{"line":2,"column":28}},"2":{"start":{"line":3,"column":15},"end":{"line":3,"column":71}},"3":{"start":{"line":5,"column":0},"end":{"line":22,"column":2}},"4":{"start":{"line":6,"column":4},"end":{"line":21,"column":5}},"5":{"start":{"line":7,"column":23},"end":{"line":7,"column":48}},"6":{"start":{"line":8,"column":20},"end":{"line":8,"column":38}},"7":{"start":{"line":9,"column":8},"end":{"line":9,"column":35}},"8":{"start":{"line":14,"column":8},"end":{"line":17,"column":9}},"9":{"start":{"line":15,"column":12},"end":{"line":15,"column":60}},"10":{"start":{"line":16,"column":12},"end":{"line":16,"column":25}},"11":{"start":{"line":20,"column":8},"end":{"line":20,"column":19}}},"fnMap":{"0":{"name":"(anonymous_0)","decl":{"start":{"line":5,"column":29},"end":{"line":5,"column":30}},"loc":{"start":{"line":5,"column":49},"end":{"line":22,"column":1}},"line":5}},"branchMap":{"0":{"loc":{"start":{"line":14,"column":8},"end":{"line":17,"column":9}},"type":"if","locations":[{"start":{"line":14,"column":8},"end":{"line":17,"column":9}},{"start":{},"end":{}}],"line":14}},"s":{"0":5,"1":5,"2":5,"3":5,"4":11,"5":11,"6":11,"7":3,"8":8,"9":8,"10":8,"11":0},"f":{"0":11},"b":{"0":[8,0]},"_coverageSchema":"1a1c01bbd47fc00a2c39e90264f33305004495a9","hash":"109ba58e30001c81abc4e1dc2d626bb3e0fd0205"}
,"/Users/jp/Desktop/projects/url_shortener/server/src/helpers/validation.js": {"path":"/Users/jp/Desktop/projects/url_shortener/server/src/helpers/validation.js","statementMap":{"0":{"start":{"line":1,"column":14},"end":{"line":1,"column":30}},"1":{"start":{"line":2,"column":32},"end":{"line":2,"column":54}},"2":{"start":{"line":4,"column":0},"end":{"line":7,"column":2}},"3":{"start":{"line":6,"column":4},"end":{"line":6,"column":57}},"4":{"start":{"line":9,"column":0},"end":{"line":25,"column":2}},"5":{"start":{"line":10,"column":4},"end":{"line":24,"column":7}},"6":{"start":{"line":11,"column":20},"end":{"line":13,"column":10}},"7":{"start":{"line":12,"column":12},"end":{"line":12,"column":44}},"8":{"start":{"line":15,"column":8},"end":{"line":18,"column":11}},"9":{"start":{"line":16,"column":12},"end":{"line":16,"column":56}},"10":{"start":{"line":17,"column":12},"end":{"line":17,"column":34}},"11":{"start":{"line":20,"column":8},"end":{"line":23,"column":11}},"12":{"start":{"line":22,"column":12},"end":{"line":22,"column":34}}},"fnMap":{"0":{"name":"(anonymous_0)","decl":{"start":{"line":4,"column":28},"end":{"line":4,"column":29}},"loc":{"start":{"line":4,"column":42},"end":{"line":7,"column":1}},"line":4},"1":{"name":"validateURL","decl":{"start":{"line":9,"column":44},"end":{"line":9,"column":55}},"loc":{"start":{"line":9,"column":61},"end":{"line":25,"column":1}},"line":9},"2":{"name":"(anonymous_2)","decl":{"start":{"line":10,"column":23},"end":{"line":10,"column":24}},"loc":{"start":{"line":10,"column":36},"end":{"line":24,"column":5}},"line":10},"3":{"name":"(anonymous_3)","decl":{"start":{"line":11,"column":35},"end":{"line":11,"column":36}},"loc":{"start":{"line":11,"column":44},"end":{"line":13,"column":9}},"line":11},"4":{"name":"(anonymous_4)","decl":{"start":{"line":15,"column":24},"end":{"line":15,"column":25}},"loc":{"start":{"line":15,"column":31},"end":{"line":18,"column":9}},"line":15},"5":{"name":"(anonymous_5)","decl":{"start":{"line":20,"column":29},"end":{"line":20,"column":30}},"loc":{"start":{"line":20,"column":35},"end":{"line":23,"column":9}},"line":20}},"branchMap":{"0":{"loc":{"start":{"line":6,"column":11},"end":{"line":6,"column":56}},"type":"binary-expr","locations":[{"start":{"line":6,"column":11},"end":{"line":6,"column":32}},{"start":{"line":6,"column":36},"end":{"line":6,"column":56}}],"line":6}},"s":{"0":2,"1":2,"2":2,"3":6,"4":2,"5":3,"6":3,"7":2,"8":3,"9":1,"10":1,"11":3,"12":0},"f":{"0":6,"1":3,"2":3,"3":2,"4":1,"5":0},"b":{"0":[6,1]},"_coverageSchema":"1a1c01bbd47fc00a2c39e90264f33305004495a9","hash":"87c910536a09e85e7745120ccdeeb9da735cd49f"}
,"/Users/jp/Desktop/projects/url_shortener/server/src/models/ShortUrl.js": {"path":"/Users/jp/Desktop/projects/url_shortener/server/src/models/ShortUrl.js","statementMap":{"0":{"start":{"line":1,"column":17},"end":{"line":1,"column":36}},"1":{"start":{"line":2,"column":16},"end":{"line":2,"column":34}},"2":{"start":{"line":4,"column":23},"end":{"line":35,"column":2}},"3":{"start":{"line":37,"column":0},"end":{"line":37,"column":60}}},"fnMap":{},"branchMap":{},"s":{"0":4,"1":4,"2":4,"3":4},"f":{},"b":{},"_coverageSchema":"1a1c01bbd47fc00a2c39e90264f33305004495a9","hash":"a7459c3cda8d0cbcad51fc3ab97dd39aa367ea51"}
,"/Users/jp/Desktop/projects/url_shortener/server/src/routes/index.js": {"path":"/Users/jp/Desktop/projects/url_shortener/server/src/routes/index.js","statementMap":{"0":{"start":{"line":1,"column":16},"end":{"line":1,"column":34}},"1":{"start":{"line":4,"column":15},"end":{"line":4,"column":31}},"2":{"start":{"line":9,"column":0},"end":{"line":9,"column":36}},"3":{"start":{"line":10,"column":0},"end":{"line":10,"column":39}},"4":{"start":{"line":19,"column":0},"end":{"line":29,"column":3}},"5":{"start":{"line":22,"column":17},"end":{"line":25,"column":5}},"6":{"start":{"line":27,"column":4},"end":{"line":27,"column":47}},"7":{"start":{"line":28,"column":4},"end":{"line":28,"column":31}},"8":{"start":{"line":31,"column":0},"end":{"line":31,"column":24}}},"fnMap":{"0":{"name":"(anonymous_0)","decl":{"start":{"line":19,"column":16},"end":{"line":19,"column":17}},"loc":{"start":{"line":19,"column":30},"end":{"line":29,"column":1}},"line":19}},"branchMap":{},"s":{"0":4,"1":4,"2":4,"3":4,"4":4,"5":1,"6":1,"7":1,"8":4},"f":{"0":1},"b":{},"_coverageSchema":"1a1c01bbd47fc00a2c39e90264f33305004495a9","hash":"7abf111fdce45e5fc7c4dd048652dde101b97157"}
,"/Users/jp/Desktop/projects/url_shortener/server/src/routes/api/delete.js": {"path":"/Users/jp/Desktop/projects/url_shortener/server/src/routes/api/delete.js","statementMap":{"0":{"start":{"line":1,"column":23},"end":{"line":1,"column":58}},"1":{"start":{"line":2,"column":17},"end":{"line":2,"column":49}},"2":{"start":{"line":3,"column":55},"end":{"line":3,"column":80}},"3":{"start":{"line":6,"column":4},"end":{"line":40,"column":5}},"4":{"start":{"line":7,"column":19},"end":{"line":7,"column":69}},"5":{"start":{"line":8,"column":21},"end":{"line":8,"column":61}},"6":{"start":{"line":11,"column":8},"end":{"line":15,"column":9}},"7":{"start":{"line":13,"column":16},"end":{"line":13,"column":88}},"8":{"start":{"line":14,"column":12},"end":{"line":14,"column":75}},"9":{"start":{"line":17,"column":20},"end":{"line":17,"column":57}},"10":{"start":{"line":19,"column":8},"end":{"line":22,"column":9}},"11":{"start":{"line":21,"column":12},"end":{"line":21,"column":95}},"12":{"start":{"line":25,"column":8},"end":{"line":28,"column":9}},"13":{"start":{"line":26,"column":12},"end":{"line":26,"column":34}},"14":{"start":{"line":27,"column":12},"end":{"line":27,"column":82}},"15":{"start":{"line":31,"column":8},"end":{"line":34,"column":9}},"16":{"start":{"line":32,"column":12},"end":{"line":32,"column":34}},"17":{"start":{"line":33,"column":12},"end":{"line":33,"column":82}},"18":{"start":{"line":37,"column":8},"end":{"line":37,"column":73}},"19":{"start":{"line":39,"column":8},"end":{"line":39,"column":81}},"20":{"start":{"line":43,"column":0},"end":{"line":43,"column":31}}},"fnMap":{"0":{"name":"deleteUrl","decl":{"start":{"line":5,"column":15},"end":{"line":5,"column":24}},"loc":{"start":{"line":5,"column":35},"end":{"line":41,"column":1}},"line":5}},"branchMap":{"0":{"loc":{"start":{"line":7,"column":19},"end":{"line":7,"column":69}},"type":"cond-expr","locations":[{"start":{"line":7,"column":35},"end":{"line":7,"column":56}},{"start":{"line":7,"column":59},"end":{"line":7,"column":69}}],"line":7},"1":{"loc":{"start":{"line":8,"column":21},"end":{"line":8,"column":61}},"type":"cond-expr","locations":[{"start":{"line":8,"column":39},"end":{"line":8,"column":54}},{"start":{"line":8,"column":57},"end":{"line":8,"column":61}}],"line":8},"2":{"loc":{"start":{"line":11,"column":8},"end":{"line":15,"column":9}},"type":"if","locations":[{"start":{"line":11,"column":8},"end":{"line":15,"column":9}},{"start":{},"end":{}}],"line":11},"3":{"loc":{"start":{"line":13,"column":16},"end":{"line":13,"column":88}},"type":"cond-expr","locations":[{"start":{"line":13,"column":34},"end":{"line":13,"column":59}},{"start":{"line":13,"column":62},"end":{"line":13,"column":88}}],"line":13},"4":{"loc":{"start":{"line":19,"column":8},"end":{"line":22,"column":9}},"type":"if","locations":[{"start":{"line":19,"column":8},"end":{"line":22,"column":9}},{"start":{},"end":{}}],"line":19},"5":{"loc":{"start":{"line":25,"column":8},"end":{"line":28,"column":9}},"type":"if","locations":[{"start":{"line":25,"column":8},"end":{"line":28,"column":9}},{"start":{},"end":{}}],"line":25},"6":{"loc":{"start":{"line":31,"column":8},"end":{"line":34,"column":9}},"type":"if","locations":[{"start":{"line":31,"column":8},"end":{"line":34,"column":9}},{"start":{},"end":{}}],"line":31},"7":{"loc":{"start":{"line":31,"column":12},"end":{"line":31,"column":36}},"type":"binary-expr","locations":[{"start":{"line":31,"column":12},"end":{"line":31,"column":16}},{"start":{"line":31,"column":20},"end":{"line":31,"column":36}}],"line":31}},"s":{"0":4,"1":4,"2":4,"3":6,"4":6,"5":6,"6":6,"7":0,"8":0,"9":6,"10":6,"11":1,"12":5,"13":2,"14":2,"15":3,"16":1,"17":1,"18":2,"19":0,"20":4},"f":{"0":6},"b":{"0":[6,0],"1":[1,5],"2":[0,6],"3":[0,0],"4":[1,5],"5":[2,3],"6":[1,2],"7":[3,1]},"_coverageSchema":"1a1c01bbd47fc00a2c39e90264f33305004495a9","hash":"fe0a1a83aafbc27ac029f05b25b5895f8a0fc4ee"}
,"/Users/jp/Desktop/projects/url_shortener/server/src/routes/api/get.js": {"path":"/Users/jp/Desktop/projects/url_shortener/server/src/routes/api/get.js","statementMap":{"0":{"start":{"line":1,"column":17},"end":{"line":1,"column":49}},"1":{"start":{"line":2,"column":55},"end":{"line":2,"column":80}},"2":{"start":{"line":3,"column":23},"end":{"line":3,"column":58}},"3":{"start":{"line":4,"column":24},"end":{"line":4,"column":57}},"4":{"start":{"line":7,"column":4},"end":{"line":33,"column":5}},"5":{"start":{"line":8,"column":22},"end":{"line":8,"column":68}},"6":{"start":{"line":9,"column":22},"end":{"line":9,"column":24}},"7":{"start":{"line":12,"column":21},"end":{"line":12,"column":39}},"8":{"start":{"line":14,"column":31},"end":{"line":14,"column":62}},"9":{"start":{"line":17,"column":26},"end":{"line":17,"column":71}},"10":{"start":{"line":19,"column":27},"end":{"line":19,"column":60}},"11":{"start":{"line":21,"column":21},"end":{"line":27,"column":9}},"12":{"start":{"line":29,"column":8},"end":{"line":29,"column":65}},"13":{"start":{"line":31,"column":8},"end":{"line":31,"column":55}},"14":{"start":{"line":32,"column":8},"end":{"line":32,"column":81}},"15":{"start":{"line":37,"column":4},"end":{"line":79,"column":5}},"16":{"start":{"line":38,"column":19},"end":{"line":38,"column":32}},"17":{"start":{"line":39,"column":19},"end":{"line":39,"column":21}},"18":{"start":{"line":40,"column":19},"end":{"line":40,"column":31}},"19":{"start":{"line":43,"column":8},"end":{"line":45,"column":9}},"20":{"start":{"line":44,"column":12},"end":{"line":44,"column":45}},"21":{"start":{"line":48,"column":8},"end":{"line":50,"column":9}},"22":{"start":{"line":49,"column":12},"end":{"line":49,"column":89}},"23":{"start":{"line":52,"column":25},"end":{"line":54,"column":10}},"24":{"start":{"line":57,"column":8},"end":{"line":59,"column":9}},"25":{"start":{"line":58,"column":12},"end":{"line":58,"column":95}},"26":{"start":{"line":61,"column":8},"end":{"line":61,"column":26}},"27":{"start":{"line":64,"column":8},"end":{"line":68,"column":9}},"28":{"start":{"line":65,"column":12},"end":{"line":65,"column":81}},"29":{"start":{"line":67,"column":12},"end":{"line":67,"column":47}},"30":{"start":{"line":69,"column":8},"end":{"line":69,"column":30}},"31":{"start":{"line":70,"column":8},"end":{"line":70,"column":33}},"32":{"start":{"line":72,"column":8},"end":{"line":74,"column":11}},"33":{"start":{"line":76,"column":8},"end":{"line":76,"column":65}},"34":{"start":{"line":78,"column":8},"end":{"line":78,"column":81}},"35":{"start":{"line":83,"column":4},"end":{"line":98,"column":5}},"36":{"start":{"line":84,"column":23},"end":{"line":84,"column":45}},"37":{"start":{"line":85,"column":19},"end":{"line":85,"column":21}},"38":{"start":{"line":86,"column":8},"end":{"line":89,"column":9}},"39":{"start":{"line":87,"column":28},"end":{"line":87,"column":44}},"40":{"start":{"line":88,"column":12},"end":{"line":88,"column":70}},"41":{"start":{"line":91,"column":25},"end":{"line":91,"column":62}},"42":{"start":{"line":92,"column":8},"end":{"line":92,"column":36}},"43":{"start":{"line":93,"column":8},"end":{"line":93,"column":33}},"44":{"start":{"line":95,"column":8},"end":{"line":95,"column":58}},"45":{"start":{"line":97,"column":8},"end":{"line":97,"column":19}},"46":{"start":{"line":102,"column":4},"end":{"line":106,"column":5}},"47":{"start":{"line":103,"column":8},"end":{"line":103,"column":100}},"48":{"start":{"line":105,"column":8},"end":{"line":105,"column":19}},"49":{"start":{"line":109,"column":0},"end":{"line":109,"column":39}},"50":{"start":{"line":110,"column":0},"end":{"line":110,"column":49}},"51":{"start":{"line":111,"column":0},"end":{"line":111,"column":41}},"52":{"start":{"line":112,"column":0},"end":{"line":112,"column":47}}},"fnMap":{"0":{"name":"getAllUrls","decl":{"start":{"line":6,"column":15},"end":{"line":6,"column":25}},"loc":{"start":{"line":6,"column":36},"end":{"line":34,"column":1}},"line":6},"1":{"name":"getShortUrlById","decl":{"start":{"line":36,"column":15},"end":{"line":36,"column":30}},"loc":{"start":{"line":36,"column":41},"end":{"line":80,"column":1}},"line":36},"2":{"name":"getUserUrls","decl":{"start":{"line":82,"column":15},"end":{"line":82,"column":26}},"loc":{"start":{"line":82,"column":37},"end":{"line":99,"column":1}},"line":82},"3":{"name":"protectedRoute","decl":{"start":{"line":101,"column":15},"end":{"line":101,"column":29}},"loc":{"start":{"line":101,"column":40},"end":{"line":107,"column":1}},"line":101}},"branchMap":{"0":{"loc":{"start":{"line":8,"column":39},"end":{"line":8,"column":68}},"type":"binary-expr","locations":[{"start":{"line":8,"column":39},"end":{"line":8,"column":63}},{"start":{"line":8,"column":67},"end":{"line":8,"column":68}}],"line":8},"1":{"loc":{"start":{"line":22,"column":18},"end":{"line":22,"column":44}},"type":"cond-expr","locations":[{"start":{"line":22,"column":30},"end":{"line":22,"column":39}},{"start":{"line":22,"column":42},"end":{"line":22,"column":44}}],"line":22},"2":{"loc":{"start":{"line":43,"column":8},"end":{"line":45,"column":9}},"type":"if","locations":[{"start":{"line":43,"column":8},"end":{"line":45,"column":9}},{"start":{},"end":{}}],"line":43},"3":{"loc":{"start":{"line":48,"column":8},"end":{"line":50,"column":9}},"type":"if","locations":[{"start":{"line":48,"column":8},"end":{"line":50,"column":9}},{"start":{},"end":{}}],"line":48},"4":{"loc":{"start":{"line":57,"column":8},"end":{"line":59,"column":9}},"type":"if","locations":[{"start":{"line":57,"column":8},"end":{"line":59,"column":9}},{"start":{},"end":{}}],"line":57},"5":{"loc":{"start":{"line":64,"column":8},"end":{"line":68,"column":9}},"type":"if","locations":[{"start":{"line":64,"column":8},"end":{"line":68,"column":9}},{"start":{"line":66,"column":15},"end":{"line":68,"column":9}}],"line":64},"6":{"loc":{"start":{"line":86,"column":8},"end":{"line":89,"column":9}},"type":"if","locations":[{"start":{"line":86,"column":8},"end":{"line":89,"column":9}},{"start":{},"end":{}}],"line":86}},"s":{"0":4,"1":4,"2":4,"3":4,"4":1,"5":1,"6":1,"7":1,"8":1,"9":1,"10":1,"11":1,"12":1,"13":0,"14":0,"15":7,"16":7,"17":7,"18":7,"19":7,"20":7,"21":7,"22":0,"23":7,"24":7,"25":2,"26":5,"27":5,"28":0,"29":5,"30":5,"31":5,"32":5,"33":5,"34":0,"35":0,"36":0,"37":0,"38":0,"39":0,"40":0,"41":0,"42":0,"43":0,"44":0,"45":0,"46":1,"47":1,"48":0,"49":4,"50":4,"51":4,"52":4},"f":{"0":1,"1":7,"2":0,"3":1},"b":{"0":[1,1],"1":[1,0],"2":[7,0],"3":[0,7],"4":[2,5],"5":[0,5],"6":[0,0]},"_coverageSchema":"1a1c01bbd47fc00a2c39e90264f33305004495a9","hash":"e3ef273cb6116b336b4a15c9bbe7c90c8cd27708"}
,"/Users/jp/Desktop/projects/url_shortener/server/src/routes/api/index.js": {"path":"/Users/jp/Desktop/projects/url_shortener/server/src/routes/api/index.js","statementMap":{"0":{"start":{"line":1,"column":16},"end":{"line":1,"column":34}},"1":{"start":{"line":3,"column":69},"end":{"line":3,"column":85}},"2":{"start":{"line":4,"column":20},"end":{"line":4,"column":37}},"3":{"start":{"line":5,"column":22},"end":{"line":5,"column":41}},"4":{"start":{"line":6,"column":25},"end":{"line":6,"column":53}},"5":{"start":{"line":9,"column":15},"end":{"line":9,"column":31}},"6":{"start":{"line":12,"column":0},"end":{"line":12,"column":32}},"7":{"start":{"line":13,"column":0},"end":{"line":13,"column":41}},"8":{"start":{"line":15,"column":0},"end":{"line":15,"column":57}},"9":{"start":{"line":16,"column":0},"end":{"line":16,"column":66}},"10":{"start":{"line":19,"column":0},"end":{"line":19,"column":46}},"11":{"start":{"line":22,"column":0},"end":{"line":22,"column":54}},"12":{"start":{"line":24,"column":0},"end":{"line":24,"column":24}}},"fnMap":{},"branchMap":{},"s":{"0":4,"1":4,"2":4,"3":4,"4":4,"5":4,"6":4,"7":4,"8":4,"9":4,"10":4,"11":4,"12":4},"f":{},"b":{},"_coverageSchema":"1a1c01bbd47fc00a2c39e90264f33305004495a9","hash":"2d5d22ea522731d7105babe39a614eff8919de1a"}
,"/Users/jp/Desktop/projects/url_shortener/server/src/routes/api/post.js": {"path":"/Users/jp/Desktop/projects/url_shortener/server/src/routes/api/post.js","statementMap":{"0":{"start":{"line":1,"column":17},"end":{"line":1,"column":49}},"1":{"start":{"line":2,"column":55},"end":{"line":2,"column":80}},"2":{"start":{"line":3,"column":24},"end":{"line":3,"column":59}},"3":{"start":{"line":6,"column":4},"end":{"line":39,"column":5}},"4":{"start":{"line":7,"column":20},"end":{"line":7,"column":70}},"5":{"start":{"line":8,"column":21},"end":{"line":8,"column":65}},"6":{"start":{"line":10,"column":8},"end":{"line":12,"column":9}},"7":{"start":{"line":11,"column":12},"end":{"line":11,"column":91}},"8":{"start":{"line":14,"column":27},"end":{"line":14,"column":49}},"9":{"start":{"line":16,"column":8},"end":{"line":20,"column":9}},"10":{"start":{"line":17,"column":12},"end":{"line":19,"column":85}},"11":{"start":{"line":22,"column":22},"end":{"line":22,"column":35}},"12":{"start":{"line":23,"column":8},"end":{"line":25,"column":9}},"13":{"start":{"line":24,"column":12},"end":{"line":24,"column":30}},"14":{"start":{"line":27,"column":23},"end":{"line":27,"column":51}},"15":{"start":{"line":30,"column":29},"end":{"line":30,"column":47}},"16":{"start":{"line":33,"column":8},"end":{"line":33,"column":32}},"17":{"start":{"line":35,"column":8},"end":{"line":35,"column":73}},"18":{"start":{"line":37,"column":8},"end":{"line":37,"column":49}},"19":{"start":{"line":38,"column":8},"end":{"line":38,"column":97}},"20":{"start":{"line":42,"column":0},"end":{"line":42,"column":33}}},"fnMap":{"0":{"name":"postUrl","decl":{"start":{"line":5,"column":15},"end":{"line":5,"column":22}},"loc":{"start":{"line":5,"column":33},"end":{"line":40,"column":1}},"line":5}},"branchMap":{"0":{"loc":{"start":{"line":7,"column":20},"end":{"line":7,"column":70}},"type":"cond-expr","locations":[{"start":{"line":7,"column":36},"end":{"line":7,"column":57}},{"start":{"line":7,"column":60},"end":{"line":7,"column":70}}],"line":7},"1":{"loc":{"start":{"line":8,"column":21},"end":{"line":8,"column":65}},"type":"cond-expr","locations":[{"start":{"line":8,"column":37},"end":{"line":8,"column":58}},{"start":{"line":8,"column":61},"end":{"line":8,"column":65}}],"line":8},"2":{"loc":{"start":{"line":10,"column":8},"end":{"line":12,"column":9}},"type":"if","locations":[{"start":{"line":10,"column":8},"end":{"line":12,"column":9}},{"start":{},"end":{}}],"line":10},"3":{"loc":{"start":{"line":16,"column":8},"end":{"line":20,"column":9}},"type":"if","locations":[{"start":{"line":16,"column":8},"end":{"line":20,"column":9}},{"start":{},"end":{}}],"line":16},"4":{"loc":{"start":{"line":23,"column":8},"end":{"line":25,"column":9}},"type":"if","locations":[{"start":{"line":23,"column":8},"end":{"line":25,"column":9}},{"start":{},"end":{}}],"line":23},"5":{"loc":{"start":{"line":38,"column":56},"end":{"line":38,"column":94}},"type":"binary-expr","locations":[{"start":{"line":38,"column":56},"end":{"line":38,"column":67}},{"start":{"line":38,"column":71},"end":{"line":38,"column":94}}],"line":38}},"s":{"0":4,"1":4,"2":4,"3":11,"4":11,"5":11,"6":11,"7":1,"8":10,"9":10,"10":1,"11":9,"12":9,"13":4,"14":9,"15":9,"16":9,"17":9,"18":0,"19":0,"20":4},"f":{"0":11},"b":{"0":[10,1],"1":[4,7],"2":[1,10],"3":[1,9],"4":[4,5],"5":[0,0]},"_coverageSchema":"1a1c01bbd47fc00a2c39e90264f33305004495a9","hash":"f8d740d7787bf5dc1abdb557b839051cb61ef880"}
}
