{"/Users/jp/Desktop/projects/url_shortener/server/src/app.js": {"path":"/Users/jp/Desktop/projects/url_shortener/server/src/app.js","statementMap":{"0":{"start":{"line":2,"column":15},"end":{"line":2,"column":32}},"1":{"start":{"line":3,"column":16},"end":{"line":3,"column":34}},"2":{"start":{"line":5,"column":17},"end":{"line":5,"column":36}},"3":{"start":{"line":6,"column":16},"end":{"line":6,"column":42}},"4":{"start":{"line":9,"column":13},"end":{"line":9,"column":28}},"5":{"start":{"line":12,"column":15},"end":{"line":12,"column":32}},"6":{"start":{"line":14,"column":0},"end":{"line":14,"column":35}},"7":{"start":{"line":17,"column":12},"end":{"line":17,"column":21}},"8":{"start":{"line":18,"column":0},"end":{"line":18,"column":39}},"9":{"start":{"line":23,"column":0},"end":{"line":23,"column":18}},"10":{"start":{"line":24,"column":0},"end":{"line":24,"column":24}},"11":{"start":{"line":25,"column":0},"end":{"line":29,"column":2}},"12":{"start":{"line":32,"column":0},"end":{"line":46,"column":2}},"13":{"start":{"line":48,"column":0},"end":{"line":55,"column":2}},"14":{"start":{"line":58,"column":0},"end":{"line":58,"column":31}},"15":{"start":{"line":59,"column":0},"end":{"line":59,"column":28}},"16":{"start":{"line":62,"column":0},"end":{"line":62,"column":34}},"17":{"start":{"line":65,"column":0},"end":{"line":65,"column":49}},"18":{"start":{"line":149,"column":0},"end":{"line":149,"column":21}}},"fnMap":{},"branchMap":{},"s":{"0":5,"1":5,"2":5,"3":5,"4":5,"5":5,"6":5,"7":5,"8":5,"9":5,"10":5,"11":5,"12":5,"13":5,"14":5,"15":5,"16":5,"17":5,"18":5},"f":{},"b":{},"_coverageSchema":"1a1c01bbd47fc00a2c39e90264f33305004495a9","hash":"69db06e32c07a8a5fd4823cf43e49b58c16155e5"}
,"/Users/jp/Desktop/projects/url_shortener/server/src/response.js": {"path":"/Users/jp/Desktop/projects/url_shortener/server/src/response.js","statementMap":{"0":{"start":{"line":1,"column":0},"end":{"line":5,"column":2}},"1":{"start":{"line":2,"column":4},"end":{"line":4,"column":6}},"2":{"start":{"line":7,"column":0},"end":{"line":14,"column":2}},"3":{"start":{"line":8,"column":4},"end":{"line":13,"column":6}}},"fnMap":{"0":{"name":"(anonymous_0)","decl":{"start":{"line":1,"column":39},"end":{"line":1,"column":40}},"loc":{"start":{"line":1,"column":55},"end":{"line":5,"column":1}},"line":1},"1":{"name":"(anonymous_1)","decl":{"start":{"line":7,"column":37},"end":{"line":7,"column":38}},"loc":{"start":{"line":7,"column":68},"end":{"line":14,"column":1}},"line":7}},"branchMap":{},"s":{"0":6,"1":8,"2":6,"3":6},"f":{"0":8,"1":6},"b":{},"_coverageSchema":"1a1c01bbd47fc00a2c39e90264f33305004495a9","hash":"59ab6bd97d7294da50c0ae2158060863d882760d"}
,"/Users/jp/Desktop/projects/url_shortener/server/src/config/passport.js": {"path":"/Users/jp/Desktop/projects/url_shortener/server/src/config/passport.js","statementMap":{"0":{"start":{"line":1,"column":23},"end":{"line":1,"column":66}},"1":{"start":{"line":5,"column":0},"end":{"line":57,"column":2}},"2":{"start":{"line":6,"column":4},"end":{"line":39,"column":6}},"3":{"start":{"line":16,"column":16},"end":{"line":16,"column":50}},"4":{"start":{"line":17,"column":16},"end":{"line":17,"column":36}},"5":{"start":{"line":41,"column":4},"end":{"line":44,"column":7}},"6":{"start":{"line":42,"column":8},"end":{"line":42,"column":43}},"7":{"start":{"line":43,"column":8},"end":{"line":43,"column":25}},"8":{"start":{"line":46,"column":4},"end":{"line":56,"column":7}},"9":{"start":{"line":47,"column":8},"end":{"line":53,"column":9}},"10":{"start":{"line":50,"column":12},"end":{"line":50,"column":29}},"11":{"start":{"line":52,"column":12},"end":{"line":52,"column":22}},"12":{"start":{"line":54,"column":8},"end":{"line":54,"column":45}}},"fnMap":{"0":{"name":"(anonymous_0)","decl":{"start":{"line":5,"column":17},"end":{"line":5,"column":18}},"loc":{"start":{"line":5,"column":37},"end":{"line":57,"column":1}},"line":5},"1":{"name":"(anonymous_1)","decl":{"start":{"line":15,"column":12},"end":{"line":15,"column":13}},"loc":{"start":{"line":15,"column":64},"end":{"line":37,"column":13}},"line":15},"2":{"name":"(anonymous_2)","decl":{"start":{"line":41,"column":27},"end":{"line":41,"column":28}},"loc":{"start":{"line":41,"column":43},"end":{"line":44,"column":5}},"line":41},"3":{"name":"(anonymous_3)","decl":{"start":{"line":46,"column":29},"end":{"line":46,"column":30}},"loc":{"start":{"line":46,"column":51},"end":{"line":56,"column":5}},"line":46}},"branchMap":{},"s":{"0":5,"1":5,"2":5,"3":0,"4":0,"5":5,"6":0,"7":0,"8":5,"9":0,"10":0,"11":0,"12":0},"f":{"0":5,"1":0,"2":0,"3":0},"b":{},"_coverageSchema":"1a1c01bbd47fc00a2c39e90264f33305004495a9","hash":"ba71ecf22c6a51311a2e684e756a6dc5b0486050"}
,"/Users/jp/Desktop/projects/url_shortener/server/src/helpers/validation.js": {"path":"/Users/jp/Desktop/projects/url_shortener/server/src/helpers/validation.js","statementMap":{"0":{"start":{"line":1,"column":14},"end":{"line":1,"column":30}},"1":{"start":{"line":2,"column":32},"end":{"line":2,"column":54}},"2":{"start":{"line":4,"column":0},"end":{"line":6,"column":2}},"3":{"start":{"line":5,"column":4},"end":{"line":5,"column":34}},"4":{"start":{"line":8,"column":0},"end":{"line":19,"column":2}},"5":{"start":{"line":9,"column":4},"end":{"line":18,"column":7}},"6":{"start":{"line":10,"column":8},"end":{"line":17,"column":15}},"7":{"start":{"line":12,"column":16},"end":{"line":12,"column":48}},"8":{"start":{"line":15,"column":16},"end":{"line":15,"column":60}},"9":{"start":{"line":16,"column":16},"end":{"line":16,"column":31}}},"fnMap":{"0":{"name":"(anonymous_0)","decl":{"start":{"line":4,"column":26},"end":{"line":4,"column":27}},"loc":{"start":{"line":4,"column":40},"end":{"line":6,"column":1}},"line":4},"1":{"name":"(anonymous_1)","decl":{"start":{"line":8,"column":29},"end":{"line":8,"column":30}},"loc":{"start":{"line":8,"column":50},"end":{"line":19,"column":1}},"line":8},"2":{"name":"(anonymous_2)","decl":{"start":{"line":9,"column":23},"end":{"line":9,"column":24}},"loc":{"start":{"line":9,"column":36},"end":{"line":18,"column":5}},"line":9},"3":{"name":"(anonymous_3)","decl":{"start":{"line":11,"column":22},"end":{"line":11,"column":23}},"loc":{"start":{"line":11,"column":31},"end":{"line":13,"column":13}},"line":11},"4":{"name":"(anonymous_4)","decl":{"start":{"line":14,"column":25},"end":{"line":14,"column":26}},"loc":{"start":{"line":14,"column":32},"end":{"line":17,"column":13}},"line":14}},"branchMap":{},"s":{"0":4,"1":4,"2":4,"3":11,"4":4,"5":3,"6":3,"7":2,"8":1,"9":1},"f":{"0":11,"1":3,"2":3,"3":2,"4":1},"b":{},"_coverageSchema":"1a1c01bbd47fc00a2c39e90264f33305004495a9","hash":"855c36dafa151cee6278a11fbd8bed93506f32d8"}
,"/Users/jp/Desktop/projects/url_shortener/server/src/models/ShortUrl.js": {"path":"/Users/jp/Desktop/projects/url_shortener/server/src/models/ShortUrl.js","statementMap":{"0":{"start":{"line":1,"column":17},"end":{"line":1,"column":36}},"1":{"start":{"line":2,"column":16},"end":{"line":2,"column":34}},"2":{"start":{"line":4,"column":23},"end":{"line":29,"column":2}},"3":{"start":{"line":31,"column":0},"end":{"line":31,"column":60}}},"fnMap":{},"branchMap":{},"s":{"0":5,"1":5,"2":5,"3":5},"f":{},"b":{},"_coverageSchema":"1a1c01bbd47fc00a2c39e90264f33305004495a9","hash":"6fe037765b2c9a58bc585ed1989021b49d62147f"}
,"/Users/jp/Desktop/projects/url_shortener/server/src/routes/index.js": {"path":"/Users/jp/Desktop/projects/url_shortener/server/src/routes/index.js","statementMap":{"0":{"start":{"line":1,"column":16},"end":{"line":1,"column":34}},"1":{"start":{"line":4,"column":15},"end":{"line":4,"column":31}},"2":{"start":{"line":9,"column":0},"end":{"line":9,"column":36}},"3":{"start":{"line":10,"column":0},"end":{"line":10,"column":39}},"4":{"start":{"line":19,"column":0},"end":{"line":29,"column":3}},"5":{"start":{"line":22,"column":17},"end":{"line":25,"column":5}},"6":{"start":{"line":27,"column":4},"end":{"line":27,"column":47}},"7":{"start":{"line":28,"column":4},"end":{"line":28,"column":31}},"8":{"start":{"line":31,"column":0},"end":{"line":31,"column":24}}},"fnMap":{"0":{"name":"(anonymous_0)","decl":{"start":{"line":19,"column":16},"end":{"line":19,"column":17}},"loc":{"start":{"line":19,"column":30},"end":{"line":29,"column":1}},"line":19}},"branchMap":{},"s":{"0":5,"1":5,"2":5,"3":5,"4":5,"5":1,"6":1,"7":1,"8":5},"f":{"0":1},"b":{},"_coverageSchema":"1a1c01bbd47fc00a2c39e90264f33305004495a9","hash":"7abf111fdce45e5fc7c4dd048652dde101b97157"}
,"/Users/jp/Desktop/projects/url_shortener/server/src/routes/api/delete.js": {"path":"/Users/jp/Desktop/projects/url_shortener/server/src/routes/api/delete.js","statementMap":{"0":{"start":{"line":1,"column":21},"end":{"line":1,"column":56}},"1":{"start":{"line":2,"column":17},"end":{"line":2,"column":49}},"2":{"start":{"line":3,"column":55},"end":{"line":3,"column":80}},"3":{"start":{"line":6,"column":4},"end":{"line":27,"column":5}},"4":{"start":{"line":7,"column":19},"end":{"line":7,"column":40}},"5":{"start":{"line":10,"column":8},"end":{"line":14,"column":9}},"6":{"start":{"line":12,"column":16},"end":{"line":12,"column":88}},"7":{"start":{"line":13,"column":12},"end":{"line":13,"column":75}},"8":{"start":{"line":17,"column":20},"end":{"line":17,"column":66}},"9":{"start":{"line":20,"column":8},"end":{"line":22,"column":9}},"10":{"start":{"line":21,"column":12},"end":{"line":21,"column":95}},"11":{"start":{"line":24,"column":8},"end":{"line":24,"column":78}},"12":{"start":{"line":26,"column":8},"end":{"line":26,"column":81}},"13":{"start":{"line":30,"column":0},"end":{"line":30,"column":31}}},"fnMap":{"0":{"name":"deleteUrl","decl":{"start":{"line":5,"column":15},"end":{"line":5,"column":24}},"loc":{"start":{"line":5,"column":35},"end":{"line":28,"column":1}},"line":5}},"branchMap":{"0":{"loc":{"start":{"line":10,"column":8},"end":{"line":14,"column":9}},"type":"if","locations":[{"start":{"line":10,"column":8},"end":{"line":14,"column":9}},{"start":{},"end":{}}],"line":10},"1":{"loc":{"start":{"line":10,"column":12},"end":{"line":10,"column":59}},"type":"binary-expr","locations":[{"start":{"line":10,"column":12},"end":{"line":10,"column":15}},{"start":{"line":10,"column":19},"end":{"line":10,"column":34}},{"start":{"line":10,"column":38},"end":{"line":10,"column":59}}],"line":10},"2":{"loc":{"start":{"line":12,"column":16},"end":{"line":12,"column":88}},"type":"cond-expr","locations":[{"start":{"line":12,"column":34},"end":{"line":12,"column":59}},{"start":{"line":12,"column":62},"end":{"line":12,"column":88}}],"line":12},"3":{"loc":{"start":{"line":20,"column":8},"end":{"line":22,"column":9}},"type":"if","locations":[{"start":{"line":20,"column":8},"end":{"line":22,"column":9}},{"start":{},"end":{}}],"line":20}},"s":{"0":5,"1":5,"2":5,"3":4,"4":4,"5":4,"6":1,"7":1,"8":3,"9":3,"10":1,"11":2,"12":0,"13":5},"f":{"0":4},"b":{"0":[1,3],"1":[4,4,4],"2":[0,1],"3":[1,2]},"_coverageSchema":"1a1c01bbd47fc00a2c39e90264f33305004495a9","hash":"e51b4a9d65bd51473353f0f993e537a03fcd649b"}
,"/Users/jp/Desktop/projects/url_shortener/server/src/routes/api/get.js": {"path":"/Users/jp/Desktop/projects/url_shortener/server/src/routes/api/get.js","statementMap":{"0":{"start":{"line":1,"column":17},"end":{"line":1,"column":49}},"1":{"start":{"line":2,"column":55},"end":{"line":2,"column":80}},"2":{"start":{"line":3,"column":21},"end":{"line":3,"column":56}},"3":{"start":{"line":6,"column":4},"end":{"line":17,"column":5}},"4":{"start":{"line":8,"column":26},"end":{"line":8,"column":47}},"5":{"start":{"line":10,"column":21},"end":{"line":12,"column":9}},"6":{"start":{"line":14,"column":8},"end":{"line":14,"column":65}},"7":{"start":{"line":16,"column":8},"end":{"line":16,"column":81}},"8":{"start":{"line":21,"column":4},"end":{"line":46,"column":5}},"9":{"start":{"line":22,"column":19},"end":{"line":22,"column":32}},"10":{"start":{"line":23,"column":19},"end":{"line":23,"column":21}},"11":{"start":{"line":26,"column":8},"end":{"line":28,"column":9}},"12":{"start":{"line":27,"column":12},"end":{"line":27,"column":89}},"13":{"start":{"line":30,"column":25},"end":{"line":32,"column":10}},"14":{"start":{"line":35,"column":8},"end":{"line":37,"column":9}},"15":{"start":{"line":36,"column":12},"end":{"line":36,"column":95}},"16":{"start":{"line":39,"column":8},"end":{"line":39,"column":26}},"17":{"start":{"line":40,"column":8},"end":{"line":40,"column":30}},"18":{"start":{"line":41,"column":8},"end":{"line":41,"column":33}},"19":{"start":{"line":43,"column":8},"end":{"line":43,"column":65}},"20":{"start":{"line":45,"column":8},"end":{"line":45,"column":81}},"21":{"start":{"line":49,"column":0},"end":{"line":49,"column":39}},"22":{"start":{"line":50,"column":0},"end":{"line":50,"column":49}}},"fnMap":{"0":{"name":"getAllUrls","decl":{"start":{"line":5,"column":15},"end":{"line":5,"column":25}},"loc":{"start":{"line":5,"column":36},"end":{"line":18,"column":1}},"line":5},"1":{"name":"getShortUrlById","decl":{"start":{"line":20,"column":15},"end":{"line":20,"column":30}},"loc":{"start":{"line":20,"column":41},"end":{"line":47,"column":1}},"line":20}},"branchMap":{"0":{"loc":{"start":{"line":11,"column":18},"end":{"line":11,"column":44}},"type":"cond-expr","locations":[{"start":{"line":11,"column":30},"end":{"line":11,"column":39}},{"start":{"line":11,"column":42},"end":{"line":11,"column":44}}],"line":11},"1":{"loc":{"start":{"line":26,"column":8},"end":{"line":28,"column":9}},"type":"if","locations":[{"start":{"line":26,"column":8},"end":{"line":28,"column":9}},{"start":{},"end":{}}],"line":26},"2":{"loc":{"start":{"line":26,"column":12},"end":{"line":26,"column":43}},"type":"binary-expr","locations":[{"start":{"line":26,"column":12},"end":{"line":26,"column":25}},{"start":{"line":26,"column":29},"end":{"line":26,"column":43}}],"line":26},"3":{"loc":{"start":{"line":35,"column":8},"end":{"line":37,"column":9}},"type":"if","locations":[{"start":{"line":35,"column":8},"end":{"line":37,"column":9}},{"start":{},"end":{}}],"line":35}},"s":{"0":5,"1":5,"2":5,"3":1,"4":1,"5":1,"6":1,"7":0,"8":6,"9":6,"10":6,"11":6,"12":0,"13":6,"14":6,"15":2,"16":4,"17":4,"18":4,"19":4,"20":0,"21":5,"22":5},"f":{"0":1,"1":6},"b":{"0":[1,0],"1":[0,6],"2":[6,6],"3":[2,4]},"_coverageSchema":"1a1c01bbd47fc00a2c39e90264f33305004495a9","hash":"715b93a846a417efa08237df59c98f9c7aca8324"}
,"/Users/jp/Desktop/projects/url_shortener/server/src/routes/api/index.js": {"path":"/Users/jp/Desktop/projects/url_shortener/server/src/routes/api/index.js","statementMap":{"0":{"start":{"line":1,"column":16},"end":{"line":1,"column":34}},"1":{"start":{"line":2,"column":40},"end":{"line":2,"column":56}},"2":{"start":{"line":3,"column":20},"end":{"line":3,"column":37}},"3":{"start":{"line":4,"column":22},"end":{"line":4,"column":41}},"4":{"start":{"line":7,"column":15},"end":{"line":7,"column":31}},"5":{"start":{"line":10,"column":0},"end":{"line":10,"column":32}},"6":{"start":{"line":11,"column":0},"end":{"line":11,"column":41}},"7":{"start":{"line":14,"column":0},"end":{"line":14,"column":30}},"8":{"start":{"line":17,"column":0},"end":{"line":17,"column":38}},"9":{"start":{"line":19,"column":0},"end":{"line":19,"column":24}}},"fnMap":{},"branchMap":{},"s":{"0":5,"1":5,"2":5,"3":5,"4":5,"5":5,"6":5,"7":5,"8":5,"9":5},"f":{},"b":{},"_coverageSchema":"1a1c01bbd47fc00a2c39e90264f33305004495a9","hash":"e587dc0b45bed03b62f5bac08459db5411e0d019"}
,"/Users/jp/Desktop/projects/url_shortener/server/src/routes/api/post.js": {"path":"/Users/jp/Desktop/projects/url_shortener/server/src/routes/api/post.js","statementMap":{"0":{"start":{"line":1,"column":17},"end":{"line":1,"column":49}},"1":{"start":{"line":2,"column":55},"end":{"line":2,"column":80}},"2":{"start":{"line":3,"column":34},"end":{"line":3,"column":69}},"3":{"start":{"line":6,"column":4},"end":{"line":36,"column":5}},"4":{"start":{"line":7,"column":20},"end":{"line":7,"column":41}},"5":{"start":{"line":10,"column":8},"end":{"line":12,"column":9}},"6":{"start":{"line":11,"column":12},"end":{"line":11,"column":91}},"7":{"start":{"line":14,"column":27},"end":{"line":14,"column":49}},"8":{"start":{"line":15,"column":8},"end":{"line":19,"column":9}},"9":{"start":{"line":16,"column":12},"end":{"line":18,"column":85}},"10":{"start":{"line":21,"column":25},"end":{"line":23,"column":9}},"11":{"start":{"line":25,"column":8},"end":{"line":27,"column":9}},"12":{"start":{"line":26,"column":12},"end":{"line":26,"column":37}},"13":{"start":{"line":29,"column":23},"end":{"line":29,"column":54}},"14":{"start":{"line":32,"column":8},"end":{"line":32,"column":72}},"15":{"start":{"line":34,"column":8},"end":{"line":34,"column":27}},"16":{"start":{"line":35,"column":8},"end":{"line":35,"column":43}},"17":{"start":{"line":39,"column":0},"end":{"line":39,"column":33}}},"fnMap":{"0":{"name":"postUrl","decl":{"start":{"line":5,"column":15},"end":{"line":5,"column":22}},"loc":{"start":{"line":5,"column":33},"end":{"line":37,"column":1}},"line":5}},"branchMap":{"0":{"loc":{"start":{"line":10,"column":8},"end":{"line":12,"column":9}},"type":"if","locations":[{"start":{"line":10,"column":8},"end":{"line":12,"column":9}},{"start":{},"end":{}}],"line":10},"1":{"loc":{"start":{"line":10,"column":12},"end":{"line":10,"column":45}},"type":"binary-expr","locations":[{"start":{"line":10,"column":12},"end":{"line":10,"column":26}},{"start":{"line":10,"column":30},"end":{"line":10,"column":45}}],"line":10},"2":{"loc":{"start":{"line":15,"column":8},"end":{"line":19,"column":9}},"type":"if","locations":[{"start":{"line":15,"column":8},"end":{"line":19,"column":9}},{"start":{},"end":{}}],"line":15},"3":{"loc":{"start":{"line":25,"column":8},"end":{"line":27,"column":9}},"type":"if","locations":[{"start":{"line":25,"column":8},"end":{"line":27,"column":9}},{"start":{},"end":{}}],"line":25}},"s":{"0":5,"1":5,"2":5,"3":3,"4":3,"5":3,"6":1,"7":2,"8":2,"9":1,"10":1,"11":1,"12":0,"13":1,"14":1,"15":0,"16":0,"17":5},"f":{"0":3},"b":{"0":[1,2],"1":[3,3],"2":[1,1],"3":[0,1]},"_coverageSchema":"1a1c01bbd47fc00a2c39e90264f33305004495a9","hash":"9553eb957658f9a62f16fea8391e741f4cba1f10"}
,"/Users/jp/Desktop/projects/url_shortener/server/src/routes/auth/index.js": {"path":"/Users/jp/Desktop/projects/url_shortener/server/src/routes/auth/index.js","statementMap":{"0":{"start":{"line":1,"column":16},"end":{"line":1,"column":34}},"1":{"start":{"line":2,"column":17},"end":{"line":2,"column":36}},"2":{"start":{"line":5,"column":15},"end":{"line":5,"column":31}},"3":{"start":{"line":9,"column":0},"end":{"line":9,"column":79}},"4":{"start":{"line":13,"column":0},"end":{"line":20,"column":2}},"5":{"start":{"line":40,"column":0},"end":{"line":47,"column":3}},"6":{"start":{"line":41,"column":4},"end":{"line":46,"column":5}},"7":{"start":{"line":42,"column":8},"end":{"line":42,"column":37}},"8":{"start":{"line":44,"column":8},"end":{"line":44,"column":27}},"9":{"start":{"line":45,"column":8},"end":{"line":45,"column":39}},"10":{"start":{"line":49,"column":0},"end":{"line":49,"column":24}}},"fnMap":{"0":{"name":"(anonymous_0)","decl":{"start":{"line":40,"column":16},"end":{"line":40,"column":17}},"loc":{"start":{"line":40,"column":36},"end":{"line":47,"column":1}},"line":40}},"branchMap":{},"s":{"0":5,"1":5,"2":5,"3":5,"4":5,"5":5,"6":0,"7":0,"8":0,"9":0,"10":5},"f":{"0":0},"b":{},"_coverageSchema":"1a1c01bbd47fc00a2c39e90264f33305004495a9","hash":"4fc6191a614023a12969c1242656ad441df68e8c"}
}
