TN:
SF:src/app.js
FNF:0
FNH:0
DA:2,5
DA:3,5
DA:5,5
DA:6,5
DA:9,5
DA:12,5
DA:14,5
DA:17,5
DA:18,5
DA:23,5
DA:24,5
DA:25,5
DA:32,5
DA:48,5
DA:58,5
DA:59,5
DA:62,5
DA:65,5
DA:149,5
LF:19
LH:19
BRF:0
BRH:0
end_of_record
TN:
SF:src/response.js
FN:1,(anonymous_0)
FN:7,(anonymous_1)
FNF:2
FNH:2
FNDA:8,(anonymous_0)
FNDA:6,(anonymous_1)
DA:1,6
DA:2,8
DA:7,6
DA:8,6
LF:4
LH:4
BRF:0
BRH:0
end_of_record
TN:
SF:src/config/passport.js
FN:5,(anonymous_0)
FN:15,(anonymous_1)
FN:41,(anonymous_2)
FN:46,(anonymous_3)
FNF:4
FNH:1
FNDA:5,(anonymous_0)
FNDA:0,(anonymous_1)
FNDA:0,(anonymous_2)
FNDA:0,(anonymous_3)
DA:1,5
DA:5,5
DA:6,5
DA:16,0
DA:17,0
DA:41,5
DA:42,0
DA:43,0
DA:46,5
DA:47,0
DA:50,0
DA:52,0
DA:54,0
LF:13
LH:5
BRF:0
BRH:0
end_of_record
TN:
SF:src/helpers/validation.js
FN:4,(anonymous_0)
FN:8,(anonymous_1)
FN:9,(anonymous_2)
FN:11,(anonymous_3)
FN:14,(anonymous_4)
FNF:5
FNH:5
FNDA:11,(anonymous_0)
FNDA:3,(anonymous_1)
FNDA:3,(anonymous_2)
FNDA:2,(anonymous_3)
FNDA:1,(anonymous_4)
DA:1,4
DA:2,4
DA:4,4
DA:5,11
DA:8,4
DA:9,3
DA:10,3
DA:12,2
DA:15,1
DA:16,1
LF:10
LH:10
BRF:0
BRH:0
end_of_record
TN:
SF:src/models/ShortUrl.js
FNF:0
FNH:0
DA:1,5
DA:2,5
DA:4,5
DA:31,5
LF:4
LH:4
BRF:0
BRH:0
end_of_record
TN:
SF:src/routes/index.js
FN:19,(anonymous_0)
FNF:1
FNH:1
FNDA:1,(anonymous_0)
DA:1,5
DA:4,5
DA:9,5
DA:10,5
DA:19,5
DA:22,1
DA:27,1
DA:28,1
DA:31,5
LF:9
LH:9
BRF:0
BRH:0
end_of_record
TN:
SF:src/routes/api/delete.js
FN:5,deleteUrl
FNF:1
FNH:1
FNDA:4,deleteUrl
DA:1,5
DA:2,5
DA:3,5
DA:6,4
DA:7,4
DA:10,4
DA:12,1
DA:13,1
DA:17,3
DA:20,3
DA:21,1
DA:24,2
DA:26,0
DA:30,5
LF:14
LH:13
BRDA:10,0,0,1
BRDA:10,0,1,3
BRDA:10,1,0,4
BRDA:10,1,1,4
BRDA:10,1,2,4
BRDA:12,2,0,0
BRDA:12,2,1,1
BRDA:20,3,0,1
BRDA:20,3,1,2
BRF:9
BRH:8
end_of_record
TN:
SF:src/routes/api/get.js
FN:5,getAllUrls
FN:20,getShortUrlById
FNF:2
FNH:2
FNDA:1,getAllUrls
FNDA:6,getShortUrlById
DA:1,5
DA:2,5
DA:3,5
DA:6,1
DA:8,1
DA:10,1
DA:14,1
DA:16,0
DA:21,6
DA:22,6
DA:23,6
DA:26,6
DA:27,0
DA:30,6
DA:35,6
DA:36,2
DA:39,4
DA:40,4
DA:41,4
DA:43,4
DA:45,0
DA:49,5
DA:50,5
LF:23
LH:20
BRDA:11,0,0,1
BRDA:11,0,1,0
BRDA:26,1,0,0
BRDA:26,1,1,6
BRDA:26,2,0,6
BRDA:26,2,1,6
BRDA:35,3,0,2
BRDA:35,3,1,4
BRF:8
BRH:6
end_of_record
TN:
SF:src/routes/api/index.js
FNF:0
FNH:0
DA:1,5
DA:2,5
DA:3,5
DA:4,5
DA:7,5
DA:10,5
DA:11,5
DA:14,5
DA:17,5
DA:19,5
LF:10
LH:10
BRF:0
BRH:0
end_of_record
TN:
SF:src/routes/api/post.js
FN:5,postUrl
FNF:1
FNH:1
FNDA:3,postUrl
DA:1,5
DA:2,5
DA:3,5
DA:6,3
DA:7,3
DA:10,3
DA:11,1
DA:14,2
DA:15,2
DA:16,1
DA:21,1
DA:25,1
DA:26,0
DA:29,1
DA:32,1
DA:34,0
DA:35,0
DA:39,5
LF:18
LH:15
BRDA:10,0,0,1
BRDA:10,0,1,2
BRDA:10,1,0,3
BRDA:10,1,1,3
BRDA:15,2,0,1
BRDA:15,2,1,1
BRDA:25,3,0,0
BRDA:25,3,1,1
BRF:8
BRH:7
end_of_record
TN:
SF:src/routes/auth/index.js
FN:40,(anonymous_0)
FNF:1
FNH:0
FNDA:0,(anonymous_0)
DA:1,5
DA:2,5
DA:5,5
DA:9,5
DA:13,5
DA:40,5
DA:41,0
DA:42,0
DA:44,0
DA:45,0
DA:49,5
LF:11
LH:7
BRF:0
BRH:0
end_of_record
