TN:
SF:src/app.js
FNF:0
FNH:0
DA:2,4
DA:3,4
DA:4,4
DA:5,4
DA:8,4
DA:9,4
DA:11,4
DA:13,4
DA:15,4
DA:17,4
DA:21,4
DA:22,4
DA:23,4
DA:30,4
DA:43,4
DA:51,4
DA:54,4
DA:55,4
DA:56,4
DA:59,4
DA:62,4
DA:75,4
LF:22
LH:22
BRF:0
BRH:0
end_of_record
TN:
SF:src/response.js
FN:1,(anonymous_0)
FN:7,(anonymous_1)
FNF:2
FNH:2
FNDA:19,(anonymous_0)
FNDA:7,(anonymous_1)
DA:1,5
DA:2,19
DA:7,5
DA:8,7
LF:4
LH:4
BRF:0
BRH:0
end_of_record
TN:
SF:src/helpers/hash.js
FN:24,(anonymous_0)
FNF:1
FNH:0
FNDA:0,(anonymous_0)
DA:18,4
DA:24,4
LF:2
LH:2
BRF:0
BRH:0
end_of_record
TN:
SF:src/helpers/location.js
FN:5,(anonymous_0)
FNF:1
FNH:1
FNDA:11,(anonymous_0)
DA:1,5
DA:2,5
DA:3,5
DA:5,5
DA:6,11
DA:7,11
DA:8,11
DA:9,3
DA:14,8
DA:15,8
DA:16,8
DA:20,0
LF:12
LH:11
BRDA:14,0,0,8
BRDA:14,0,1,0
BRF:2
BRH:1
end_of_record
TN:
SF:src/helpers/validation.js
FN:4,(anonymous_0)
FN:9,validateURL
FN:10,(anonymous_2)
FN:11,(anonymous_3)
FN:15,(anonymous_4)
FN:20,(anonymous_5)
FNF:6
FNH:5
FNDA:6,(anonymous_0)
FNDA:3,validateURL
FNDA:3,(anonymous_2)
FNDA:2,(anonymous_3)
FNDA:1,(anonymous_4)
FNDA:0,(anonymous_5)
DA:1,2
DA:2,2
DA:4,2
DA:6,6
DA:9,2
DA:10,3
DA:11,3
DA:12,2
DA:15,3
DA:16,1
DA:17,1
DA:20,3
DA:22,0
LF:13
LH:12
BRDA:6,0,0,6
BRDA:6,0,1,1
BRF:2
BRH:2
end_of_record
TN:
SF:src/models/ShortUrl.js
FNF:0
FNH:0
DA:1,4
DA:2,4
DA:4,4
DA:37,4
LF:4
LH:4
BRF:0
BRH:0
end_of_record
TN:
SF:src/routes/index.js
FN:19,(anonymous_0)
FNF:1
FNH:1
FNDA:1,(anonymous_0)
DA:1,4
DA:4,4
DA:9,4
DA:10,4
DA:19,4
DA:22,1
DA:27,1
DA:28,1
DA:31,4
LF:9
LH:9
BRF:0
BRH:0
end_of_record
TN:
SF:src/routes/api/delete.js
FN:5,deleteUrl
FNF:1
FNH:1
FNDA:6,deleteUrl
DA:1,4
DA:2,4
DA:3,4
DA:6,6
DA:7,6
DA:8,6
DA:11,6
DA:13,0
DA:14,0
DA:17,6
DA:19,6
DA:21,1
DA:25,5
DA:26,2
DA:27,2
DA:31,3
DA:32,1
DA:33,1
DA:37,2
DA:39,0
DA:43,4
LF:21
LH:18
BRDA:7,0,0,6
BRDA:7,0,1,0
BRDA:8,1,0,1
BRDA:8,1,1,5
BRDA:11,2,0,0
BRDA:11,2,1,6
BRDA:13,3,0,0
BRDA:13,3,1,0
BRDA:19,4,0,1
BRDA:19,4,1,5
BRDA:25,5,0,2
BRDA:25,5,1,3
BRDA:31,6,0,1
BRDA:31,6,1,2
BRDA:31,7,0,3
BRDA:31,7,1,1
BRF:16
BRH:12
end_of_record
TN:
SF:src/routes/api/get.js
FN:6,getAllUrls
FN:36,getShortUrlById
FN:82,getUserUrls
FN:101,protectedRoute
FNF:4
FNH:3
FNDA:1,getAllUrls
FNDA:7,getShortUrlById
FNDA:0,getUserUrls
FNDA:1,protectedRoute
DA:1,4
DA:2,4
DA:3,4
DA:4,4
DA:7,1
DA:8,1
DA:9,1
DA:12,1
DA:14,1
DA:17,1
DA:19,1
DA:21,1
DA:29,1
DA:31,0
DA:32,0
DA:37,7
DA:38,7
DA:39,7
DA:40,7
DA:43,7
DA:44,7
DA:48,7
DA:49,0
DA:52,7
DA:57,7
DA:58,2
DA:61,5
DA:64,5
DA:65,0
DA:67,5
DA:69,5
DA:70,5
DA:72,5
DA:76,5
DA:78,0
DA:83,0
DA:84,0
DA:85,0
DA:86,0
DA:87,0
DA:88,0
DA:91,0
DA:92,0
DA:93,0
DA:95,0
DA:97,0
DA:102,1
DA:103,1
DA:105,0
DA:109,4
DA:110,4
DA:111,4
DA:112,4
LF:53
LH:36
BRDA:8,0,0,1
BRDA:8,0,1,1
BRDA:22,1,0,1
BRDA:22,1,1,0
BRDA:43,2,0,7
BRDA:43,2,1,0
BRDA:48,3,0,0
BRDA:48,3,1,7
BRDA:57,4,0,2
BRDA:57,4,1,5
BRDA:64,5,0,0
BRDA:64,5,1,5
BRDA:86,6,0,0
BRDA:86,6,1,0
BRF:14
BRH:8
end_of_record
TN:
SF:src/routes/api/index.js
FNF:0
FNH:0
DA:1,4
DA:3,4
DA:4,4
DA:5,4
DA:6,4
DA:9,4
DA:12,4
DA:13,4
DA:15,4
DA:16,4
DA:19,4
DA:22,4
DA:24,4
LF:13
LH:13
BRF:0
BRH:0
end_of_record
TN:
SF:src/routes/api/post.js
FN:5,postUrl
FNF:1
FNH:1
FNDA:11,postUrl
DA:1,4
DA:2,4
DA:3,4
DA:6,11
DA:7,11
DA:8,11
DA:10,11
DA:11,1
DA:14,10
DA:16,10
DA:17,1
DA:22,9
DA:23,9
DA:24,4
DA:27,9
DA:30,9
DA:33,9
DA:35,9
DA:37,0
DA:38,0
DA:42,4
LF:21
LH:19
BRDA:7,0,0,10
BRDA:7,0,1,1
BRDA:8,1,0,4
BRDA:8,1,1,7
BRDA:10,2,0,1
BRDA:10,2,1,10
BRDA:16,3,0,1
BRDA:16,3,1,9
BRDA:23,4,0,4
BRDA:23,4,1,5
BRDA:38,5,0,0
BRDA:38,5,1,0
BRF:12
BRH:10
end_of_record
